0 verbose cli [ '/usr/bin/node', '/usr/bin/npm', 'install', 'mysql' ]
1 info using npm@7.5.2
2 info using node@v12.22.12
3 timing config:load:defaults Completed in 3ms
4 timing config:load:file:/usr/share/nodejs/npm/npmrc Completed in 3ms
5 timing config:load:builtin Completed in 4ms
6 timing config:load:cli Completed in 8ms
7 timing config:load:env Completed in 1ms
8 timing config:load:file:/home/debian/serverweb/.npmrc Completed in 0ms
9 timing config:load:project Completed in 1ms
10 timing config:load:file:/home/debian/.npmrc Completed in 0ms
11 timing config:load:user Completed in 0ms
12 timing config:load:file:/etc/npmrc Completed in 0ms
13 timing config:load:global Completed in 1ms
14 timing config:load:cafile Completed in 0ms
15 timing config:load:validate Completed in 1ms
16 timing config:load:setUserAgent Completed in 1ms
17 timing config:load:setEnvs Completed in 2ms
18 timing config:load Completed in 23ms
19 verbose npm-session e00162075da086d3
20 timing npm:load Completed in 44ms
21 timing arborist:ctor Completed in 2ms
22 timing idealTree:init Completed in 404ms
23 timing idealTree:userRequests Completed in 15ms
24 silly idealTree buildDeps
25 silly fetch manifest mysql@*
26 http fetch GET 304 https://registry.npmjs.org/mysql 598ms (from cache)
27 silly placeDep ROOT mysql@2.18.1 OK for: serverweb@1.0.0 want: *
28 silly fetch manifest bignumber.js@9.0.0
29 silly fetch manifest readable-stream@2.3.7
30 silly fetch manifest safe-buffer@5.1.2
31 silly fetch manifest sqlstring@2.3.1
32 http fetch GET 200 https://registry.npmjs.org/safe-buffer 33ms (from cache)
33 http fetch GET 304 https://registry.npmjs.org/bignumber.js 60ms (from cache)
34 http fetch GET 304 https://registry.npmjs.org/readable-stream 108ms (from cache)
35 http fetch GET 304 https://registry.npmjs.org/sqlstring 111ms (from cache)
36 timing idealTree:#root Completed in 747ms
37 silly placeDep ROOT bignumber.js@9.0.0 OK for: mysql@2.18.1 want: 9.0.0
38 silly placeDep ROOT readable-stream@2.3.7 OK for: mysql@2.18.1 want: 2.3.7
39 silly placeDep node_modules/mysql safe-buffer@5.1.2 OK for: mysql@2.18.1 want: 5.1.2
40 silly placeDep ROOT sqlstring@2.3.1 OK for: mysql@2.18.1 want: 2.3.1
41 silly fetch manifest core-util-is@~1.0.0
42 silly fetch manifest isarray@~1.0.0
43 silly fetch manifest process-nextick-args@~2.0.0
44 silly fetch manifest safe-buffer@~5.1.1
45 silly fetch manifest string_decoder@~1.1.1
46 silly fetch manifest util-deprecate@~1.0.1
47 http fetch GET 304 https://registry.npmjs.org/core-util-is 94ms (from cache)
48 http fetch GET 304 https://registry.npmjs.org/isarray 92ms (from cache)
49 http fetch GET 304 https://registry.npmjs.org/process-nextick-args 94ms (from cache)
50 http fetch GET 304 https://registry.npmjs.org/util-deprecate 124ms (from cache)
51 http fetch GET 304 https://registry.npmjs.org/string_decoder 141ms (from cache)
52 timing idealTree:node_modules/mysql Completed in 195ms
53 timing idealTree:node_modules/bignumber.js Completed in 0ms
54 silly placeDep ROOT core-util-is@1.0.3 OK for: readable-stream@2.3.7 want: ~1.0.0
55 silly placeDep ROOT isarray@1.0.0 OK for: readable-stream@2.3.7 want: ~1.0.0
56 silly placeDep ROOT process-nextick-args@2.0.1 OK for: readable-stream@2.3.7 want: ~2.0.0
57 silly placeDep node_modules/readable-stream safe-buffer@5.1.2 OK for: readable-stream@2.3.7 want: ~5.1.1
58 silly placeDep ROOT string_decoder@1.1.1 OK for: readable-stream@2.3.7 want: ~1.1.1
59 silly placeDep ROOT util-deprecate@1.0.2 OK for: readable-stream@2.3.7 want: ~1.0.1
60 silly fetch manifest safe-buffer@~5.1.0
61 timing idealTree:node_modules/readable-stream Completed in 13ms
62 timing idealTree:node_modules/core-util-is Completed in 0ms
63 timing idealTree:node_modules/isarray Completed in 0ms
64 timing idealTree:node_modules/process-nextick-args Completed in 0ms
65 timing idealTree:node_modules/sqlstring Completed in 1ms
66 silly placeDep node_modules/string_decoder safe-buffer@5.1.2 OK for: string_decoder@1.1.1 want: ~5.1.0
67 timing idealTree:node_modules/string_decoder Completed in 2ms
68 timing idealTree:node_modules/util-deprecate Completed in 0ms
69 timing idealTree:node_modules/mysql/node_modules/safe-buffer Completed in 0ms
70 timing idealTree:node_modules/readable-stream/node_modules/safe-buffer Completed in 0ms
71 timing idealTree:node_modules/string_decoder/node_modules/safe-buffer Completed in 0ms
72 timing idealTree:buildDeps Completed in 983ms
73 timing idealTree:fixDepFlags Completed in 3ms
74 timing idealTree Completed in 1411ms
75 timing reify:loadTrees Completed in 1414ms
76 timing reify:diffTrees Completed in 20ms
77 silly reify moves {}
78 timing reify:retireShallow Completed in 1ms
79 timing reify:createSparse Completed in 15ms
80 timing reify:loadBundles Completed in 0ms
81 timing reifyNode:node_modules/process-nextick-args Completed in 222ms
82 timing reifyNode:node_modules/core-util-is Completed in 225ms
83 timing reifyNode:node_modules/util-deprecate Completed in 228ms
84 timing reifyNode:node_modules/string_decoder Completed in 230ms
85 timing reifyNode:node_modules/string_decoder/node_modules/safe-buffer Completed in 230ms
86 timing reifyNode:node_modules/readable-stream/node_modules/safe-buffer Completed in 229ms
87 timing reifyNode:node_modules/mysql/node_modules/safe-buffer Completed in 229ms
88 http fetch POST 200 https://registry.npmjs.org/-/npm/v1/security/advisories/bulk 240ms
89 timing auditReport:getReport Completed in 244ms
90 timing auditReport:init Completed in 0ms
91 timing reify:audit Completed in 245ms
92 timing reifyNode:node_modules/isarray Completed in 234ms
93 timing reifyNode:node_modules/sqlstring Completed in 233ms
94 timing reifyNode:node_modules/readable-stream Completed in 273ms
95 timing reifyNode:node_modules/bignumber.js Completed in 273ms
96 timing reifyNode:node_modules/mysql Completed in 307ms
97 timing reify:unpack Completed in 309ms
98 timing reify:unretire Completed in 1ms
99 timing build:queue Completed in 7ms
100 timing build:deps Completed in 7ms
101 timing build Completed in 7ms
102 timing reify:build Completed in 9ms
103 timing reify:trash Completed in 1ms
104 timing command:install Completed in 1876ms
105 verbose stack Error: EACCES: permission denied, open '/home/debian/serverweb/package-lock.json'
106 verbose cwd /home/debian/serverweb
107 verbose Linux 5.10.0-13-amd64
108 verbose argv "/usr/bin/node" "/usr/bin/npm" "install" "mysql"
109 verbose node v12.22.12
110 verbose npm  v7.5.2
111 error code EACCES
112 error syscall open
113 error path /home/debian/serverweb/package-lock.json
114 error errno -13
115 error Error: EACCES: permission denied, open '/home/debian/serverweb/package-lock.json'
115 error  [Error: EACCES: permission denied, open '/home/debian/serverweb/package-lock.json'] {
115 error   errno: -13,
115 error   code: 'EACCES',
115 error   syscall: 'open',
115 error   path: '/home/debian/serverweb/package-lock.json'
115 error }
116 error The operation was rejected by your operating system.
116 error It is likely you do not have the permissions to access this file as the current user
116 error
116 error If you believe this might be a permissions issue, please double-check the
116 error permissions of the file and its containing directories, or try running
116 error the command again as root/Administrator.
117 verbose exit -13
