0 verbose cli [ '/usr/bin/node', '/usr/bin/npm', 'install', 'mysql' ]
1 info using npm@7.5.2
2 info using node@v12.22.12
3 timing config:load:defaults Completed in 3ms
4 timing config:load:file:/usr/share/nodejs/npm/npmrc Completed in 3ms
5 timing config:load:builtin Completed in 4ms
6 timing config:load:cli Completed in 3ms
7 timing config:load:env Completed in 0ms
8 timing config:load:file:/home/debian/serverweb/.npmrc Completed in 0ms
9 timing config:load:project Completed in 2ms
10 timing config:load:file:/home/debian/.npmrc Completed in 0ms
11 timing config:load:user Completed in 0ms
12 timing config:load:file:/etc/npmrc Completed in 1ms
13 timing config:load:global Completed in 1ms
14 timing config:load:cafile Completed in 1ms
15 timing config:load:validate Completed in 0ms
16 timing config:load:setUserAgent Completed in 1ms
17 timing config:load:setEnvs Completed in 2ms
18 timing config:load Completed in 18ms
19 verbose npm-session f8f13767c62650f2
20 timing npm:load Completed in 43ms
21 timing arborist:ctor Completed in 5ms
22 timing idealTree:init Completed in 243ms
23 timing idealTree:userRequests Completed in 3ms
24 silly idealTree buildDeps
25 silly fetch manifest mysql@^2.18.1
26 http fetch GET 200 https://registry.npmjs.org/mysql 94ms (from cache)
27 silly placeDep ROOT mysql@2.18.1 OK for: serverweb@1.0.0 want: ^2.18.1
28 silly fetch manifest bignumber.js@9.0.0
29 silly fetch manifest readable-stream@2.3.7
30 silly fetch manifest safe-buffer@5.1.2
31 silly fetch manifest sqlstring@2.3.1
32 http fetch GET 200 https://registry.npmjs.org/readable-stream 307ms (from cache)
33 http fetch GET 200 https://registry.npmjs.org/sqlstring 308ms (from cache)
34 http fetch GET 304 https://registry.npmjs.org/safe-buffer 395ms (from cache)
35 http fetch GET 304 https://registry.npmjs.org/bignumber.js 1053ms (from cache)
36 timing idealTree:#root Completed in 1166ms
37 silly placeDep ROOT bignumber.js@9.0.0 OK for: mysql@2.18.1 want: 9.0.0
38 silly placeDep ROOT readable-stream@2.3.7 OK for: mysql@2.18.1 want: 2.3.7
39 silly placeDep node_modules/mysql safe-buffer@5.1.2 OK for: mysql@2.18.1 want: 5.1.2
40 silly placeDep ROOT sqlstring@2.3.1 OK for: mysql@2.18.1 want: 2.3.1
41 silly fetch manifest core-util-is@~1.0.0
42 silly fetch manifest isarray@~1.0.0
43 silly fetch manifest process-nextick-args@~2.0.0
44 silly fetch manifest safe-buffer@~5.1.1
45 silly fetch manifest string_decoder@~1.1.1
46 silly fetch manifest util-deprecate@~1.0.1
47 http fetch GET 200 https://registry.npmjs.org/core-util-is 50ms (from cache)
48 http fetch GET 200 https://registry.npmjs.org/isarray 49ms (from cache)
49 http fetch GET 200 https://registry.npmjs.org/process-nextick-args 49ms (from cache)
50 http fetch GET 200 https://registry.npmjs.org/util-deprecate 43ms (from cache)
51 http fetch GET 304 https://registry.npmjs.org/string_decoder 69ms (from cache)
52 timing idealTree:node_modules/mysql Completed in 93ms
53 timing idealTree:node_modules/bignumber.js Completed in 0ms
54 silly placeDep ROOT core-util-is@1.0.3 OK for: readable-stream@2.3.7 want: ~1.0.0
55 silly placeDep ROOT isarray@1.0.0 OK for: readable-stream@2.3.7 want: ~1.0.0
56 silly placeDep ROOT process-nextick-args@2.0.1 OK for: readable-stream@2.3.7 want: ~2.0.0
57 silly placeDep node_modules/readable-stream safe-buffer@5.1.2 OK for: readable-stream@2.3.7 want: ~5.1.1
58 silly placeDep ROOT string_decoder@1.1.1 OK for: readable-stream@2.3.7 want: ~1.1.1
59 silly placeDep ROOT util-deprecate@1.0.2 OK for: readable-stream@2.3.7 want: ~1.0.1
60 silly fetch manifest safe-buffer@~5.1.0
61 timing idealTree:node_modules/readable-stream Completed in 11ms
62 timing idealTree:node_modules/core-util-is Completed in 0ms
63 timing idealTree:node_modules/isarray Completed in 0ms
64 timing idealTree:node_modules/process-nextick-args Completed in 0ms
65 timing idealTree:node_modules/sqlstring Completed in 0ms
66 silly placeDep node_modules/string_decoder safe-buffer@5.1.2 OK for: string_decoder@1.1.1 want: ~5.1.0
67 timing idealTree:node_modules/string_decoder Completed in 2ms
68 timing idealTree:node_modules/util-deprecate Completed in 0ms
69 timing idealTree:node_modules/mysql/node_modules/safe-buffer Completed in 0ms
70 timing idealTree:node_modules/readable-stream/node_modules/safe-buffer Completed in 0ms
71 timing idealTree:node_modules/string_decoder/node_modules/safe-buffer Completed in 0ms
72 timing idealTree:buildDeps Completed in 1276ms
73 timing idealTree:fixDepFlags Completed in 2ms
74 timing idealTree Completed in 1530ms
75 timing reify:loadTrees Completed in 1532ms
76 timing reify:diffTrees Completed in 9ms
77 silly reify mark retired [ '/home/debian/serverweb/node_modules/bignumber.js' ]
78 silly reify mark retired [ '/home/debian/serverweb/node_modules/core-util-is' ]
79 silly reify mark retired [ '/home/debian/serverweb/node_modules/isarray' ]
80 silly reify mark retired [ '/home/debian/serverweb/node_modules/mysql' ]
81 silly reify mark retired [ '/home/debian/serverweb/node_modules/process-nextick-args' ]
82 silly reify mark retired [ '/home/debian/serverweb/node_modules/readable-stream' ]
83 silly reify mark retired [ '/home/debian/serverweb/node_modules/sqlstring' ]
84 silly reify mark retired [ '/home/debian/serverweb/node_modules/string_decoder' ]
85 silly reify mark retired [ '/home/debian/serverweb/node_modules/util-deprecate' ]
86 silly reify moves {
86 silly reify   '/home/debian/serverweb/node_modules/bignumber.js': '/home/debian/serverweb/node_modules/.bignumber.js-v6kmYKhI',
86 silly reify   '/home/debian/serverweb/node_modules/core-util-is': '/home/debian/serverweb/node_modules/.core-util-is-rkuwpB6x',
86 silly reify   '/home/debian/serverweb/node_modules/isarray': '/home/debian/serverweb/node_modules/.isarray-s5SIpKgx',
86 silly reify   '/home/debian/serverweb/node_modules/mysql': '/home/debian/serverweb/node_modules/.mysql-BZj6SnuD',
86 silly reify   '/home/debian/serverweb/node_modules/process-nextick-args': '/home/debian/serverweb/node_modules/.process-nextick-args-fbJ4FzB0',
86 silly reify   '/home/debian/serverweb/node_modules/readable-stream': '/home/debian/serverweb/node_modules/.readable-stream-ZrRFRGfN',
86 silly reify   '/home/debian/serverweb/node_modules/sqlstring': '/home/debian/serverweb/node_modules/.sqlstring-SegFS4U1',
86 silly reify   '/home/debian/serverweb/node_modules/string_decoder': '/home/debian/serverweb/node_modules/.string_decoder-5TtmTaWR',
86 silly reify   '/home/debian/serverweb/node_modules/util-deprecate': '/home/debian/serverweb/node_modules/.util-deprecate-mEzbBL6v'
86 silly reify }
87 timing reify:retireShallow Completed in 26ms
88 timing reify:createSparse Completed in 12ms
89 timing reify:loadBundles Completed in 0ms
90 timing reifyNode:node_modules/process-nextick-args Completed in 243ms
91 http fetch POST 200 https://registry.npmjs.org/-/npm/v1/security/advisories/bulk 255ms
92 timing auditReport:getReport Completed in 261ms
93 timing auditReport:init Completed in 0ms
94 timing reify:audit Completed in 263ms
95 timing reifyNode:node_modules/core-util-is Completed in 249ms
96 timing reifyNode:node_modules/util-deprecate Completed in 251ms
97 timing reifyNode:node_modules/string_decoder Completed in 253ms
98 timing reifyNode:node_modules/string_decoder/node_modules/safe-buffer Completed in 253ms
99 timing reifyNode:node_modules/readable-stream/node_modules/safe-buffer Completed in 254ms
100 timing reifyNode:node_modules/mysql/node_modules/safe-buffer Completed in 253ms
101 timing reifyNode:node_modules/sqlstring Completed in 255ms
102 timing reifyNode:node_modules/isarray Completed in 255ms
103 timing reifyNode:node_modules/readable-stream Completed in 297ms
104 timing reifyNode:node_modules/bignumber.js Completed in 297ms
105 timing reifyNode:node_modules/mysql Completed in 333ms
106 timing reify:unpack Completed in 335ms
107 timing reify:unretire Completed in 0ms
108 timing build:queue Completed in 2ms
109 timing build:deps Completed in 4ms
110 timing build Completed in 4ms
111 timing reify:build Completed in 5ms
112 timing reify:trash Completed in 126ms
113 timing command:install Completed in 2151ms
114 verbose stack Error: EACCES: permission denied, open '/home/debian/serverweb/package-lock.json'
115 verbose cwd /home/debian/serverweb
116 verbose Linux 5.10.0-13-amd64
117 verbose argv "/usr/bin/node" "/usr/bin/npm" "install" "mysql"
118 verbose node v12.22.12
119 verbose npm  v7.5.2
120 error code EACCES
121 error syscall open
122 error path /home/debian/serverweb/package-lock.json
123 error errno -13
124 error Error: EACCES: permission denied, open '/home/debian/serverweb/package-lock.json'
124 error  [Error: EACCES: permission denied, open '/home/debian/serverweb/package-lock.json'] {
124 error   errno: -13,
124 error   code: 'EACCES',
124 error   syscall: 'open',
124 error   path: '/home/debian/serverweb/package-lock.json'
124 error }
125 error The operation was rejected by your operating system.
125 error It is likely you do not have the permissions to access this file as the current user
125 error
125 error If you believe this might be a permissions issue, please double-check the
125 error permissions of the file and its containing directories, or try running
125 error the command again as root/Administrator.
126 verbose exit -13
