0 verbose cli [ '/usr/bin/node', '/usr/bin/npm', 'restart' ]
1 info using npm@7.5.2
2 info using node@v12.22.12
3 timing config:load:defaults Completed in 11ms
4 timing config:load:file:/usr/share/nodejs/npm/npmrc Completed in 4ms
5 timing config:load:builtin Completed in 6ms
6 timing config:load:cli Completed in 3ms
7 timing config:load:env Completed in 0ms
8 timing config:load:file:/home/debian/serverweb/.npmrc Completed in 0ms
9 timing config:load:project Completed in 2ms
10 timing config:load:file:/home/debian/.npmrc Completed in 1ms
11 timing config:load:user Completed in 1ms
12 timing config:load:file:/etc/npmrc Completed in 0ms
13 timing config:load:global Completed in 0ms
14 timing config:load:cafile Completed in 0ms
15 timing config:load:validate Completed in 1ms
16 timing config:load:setUserAgent Completed in 1ms
17 timing config:load:setEnvs Completed in 2ms
18 timing config:load Completed in 27ms
19 verbose npm-session 7d7775e413a30ebb
20 timing npm:load Completed in 56ms
21 timing command:run-script Completed in 2026ms
22 timing command:restart Completed in 2031ms
23 verbose stack Error: command failed
23 verbose stack     at ChildProcess.<anonymous> (/usr/share/nodejs/@npmcli/promise-spawn/index.js:64:27)
23 verbose stack     at ChildProcess.emit (events.js:314:20)
23 verbose stack     at maybeClose (internal/child_process.js:1022:16)
23 verbose stack     at Process.ChildProcess._handle.onexit (internal/child_process.js:287:5)
24 verbose pkgid serverweb@1.0.0
25 verbose cwd /home/debian/serverweb
26 verbose Linux 5.10.0-13-amd64
27 verbose argv "/usr/bin/node" "/usr/bin/npm" "restart"
28 verbose node v12.22.12
29 verbose npm  v7.5.2
30 error code 1
31 error path /home/debian/serverweb
32 error command failed
33 error command sh -c npm stop --if-present && npm start
34 verbose exit 1
