2023-11-28 11:43:28.303 [info] Log level: Info
2023-11-28 11:43:28.303 [info] Validating found git in: "git"
2023-11-28 11:43:28.303 [info] Using git "2.30.2" from "git"
2023-11-28 11:43:28.303 [info] > git rev-parse --show-toplevel [8ms]
2023-11-28 11:43:28.303 [info] > git rev-parse --git-dir --git-common-dir [7ms]
2023-11-28 11:43:28.303 [info] Open repository: /home/debian
2023-11-28 11:43:28.303 [info] > git config --get commit.template [21ms]
2023-11-28 11:43:28.303 [info] > git fetch [47ms]
2023-11-28 11:43:28.303 [info] > git rev-parse --show-toplevel [19ms]
2023-11-28 11:43:28.314 [info] No remotes found in the git config file.
2023-11-28 11:43:28.327 [info] > git for-each-ref --format=%(refname)%00%(upstream:short)%00%(objectname)%00%(upstream:track)%00%(upstream:remotename)%00%(upstream:remoteref) refs/heads/main refs/remotes/main [14ms]
2023-11-28 11:43:28.337 [info] > git config --get commit.template [35ms]
2023-11-28 11:43:28.344 [info] No remotes found in the git config file.
2023-11-28 11:43:28.366 [info] > git rev-parse --show-toplevel [42ms]
2023-11-28 11:43:28.381 [info] > git for-each-ref --format=%(refname)%00%(upstream:short)%00%(objectname)%00%(upstream:track)%00%(upstream:remotename)%00%(upstream:remoteref) refs/heads/main refs/remotes/main [37ms]
2023-11-28 11:43:28.386 [info] > git rev-parse --show-toplevel [8ms]
2023-11-28 11:43:28.386 [info] > git config --get commit.template [22ms]
2023-11-28 11:43:28.392 [info] No remotes found in the git config file.
2023-11-28 11:43:28.404 [info] > git for-each-ref --format=%(refname)%00%(upstream:short)%00%(objectname)%00%(upstream:track)%00%(upstream:remotename)%00%(upstream:remoteref) refs/heads/main refs/remotes/main [11ms]
2023-11-28 11:43:28.414 [info] > git rev-parse --show-toplevel [13ms]
2023-11-28 11:43:28.451 [info] > git rev-parse --show-toplevel [22ms]
2023-11-28 11:43:28.596 [info] > git status -z -uall [185ms]
2023-11-28 11:43:31.865 [info] > git show --textconv :.gitignore [17ms]
2023-11-28 11:43:31.871 [info] > git ls-files --stage -- /home/debian/.gitignore [8ms]
2023-11-28 11:43:31.887 [info] > git cat-file -s 9f6f0d08be2de448c0527b775a078db90437d15e [8ms]
2023-11-28 11:43:32.314 [info] > git check-ignore -v -z --stdin [5ms]
2023-11-28 11:43:32.706 [info] > git ls-files --stage -- /home/debian/.gitignore [5ms]
2023-11-28 11:43:32.715 [info] > git cat-file -s 9f6f0d08be2de448c0527b775a078db90437d15e [3ms]
2023-11-28 11:43:32.732 [info] > git show --textconv :.gitignore [5ms]
2023-11-28 11:43:34.511 [info] No remotes found in the git config file.
2023-11-28 11:43:34.513 [info] > git config --get commit.template [28ms]
2023-11-28 11:43:34.521 [info] > git for-each-ref --format=%(refname)%00%(upstream:short)%00%(objectname)%00%(upstream:track)%00%(upstream:remotename)%00%(upstream:remoteref) refs/heads/main refs/remotes/main [11ms]
2023-11-28 11:43:34.621 [info] > git status -z -uall [86ms]
2023-11-28 11:43:39.767 [info] No remotes found in the git config file.
2023-11-28 11:43:39.770 [info] > git config --get commit.template [16ms]
2023-11-28 11:43:39.772 [info] > git for-each-ref --format=%(refname)%00%(upstream:short)%00%(objectname)%00%(upstream:track)%00%(upstream:remotename)%00%(upstream:remoteref) refs/heads/main refs/remotes/main [6ms]
2023-11-28 11:43:39.857 [info] > git status -z -uall [77ms]
2023-11-28 11:43:41.197 [info] > git check-ignore -v -z --stdin [40ms]
2023-11-28 11:43:43.345 [info] > git check-ignore -v -z --stdin [5ms]
2023-11-28 11:43:44.976 [info] No remotes found in the git config file.
2023-11-28 11:43:44.978 [info] > git config --get commit.template [14ms]
2023-11-28 11:43:44.981 [info] > git for-each-ref --format=%(refname)%00%(upstream:short)%00%(objectname)%00%(upstream:track)%00%(upstream:remotename)%00%(upstream:remoteref) refs/heads/main refs/remotes/main [6ms]
2023-11-28 11:43:45.066 [info] > git status -z -uall [79ms]
2023-11-28 11:43:50.177 [info] No remotes found in the git config file.
2023-11-28 11:43:50.180 [info] > git config --get commit.template [14ms]
2023-11-28 11:43:50.183 [info] > git for-each-ref --format=%(refname)%00%(upstream:short)%00%(objectname)%00%(upstream:track)%00%(upstream:remotename)%00%(upstream:remoteref) refs/heads/main refs/remotes/main [6ms]
2023-11-28 11:43:50.242 [info] > git status -z -uall [53ms]
2023-11-28 11:43:55.352 [info] No remotes found in the git config file.
2023-11-28 11:43:55.357 [info] > git config --get commit.template [17ms]
2023-11-28 11:43:55.358 [info] > git for-each-ref --format=%(refname)%00%(upstream:short)%00%(objectname)%00%(upstream:track)%00%(upstream:remotename)%00%(upstream:remoteref) refs/heads/main refs/remotes/main [5ms]
2023-11-28 11:43:55.447 [info] > git status -z -uall [77ms]
2023-11-28 11:43:58.231 [info] > git -c user.useConfigOnly=true commit --quiet [11ms]
2023-11-28 11:43:58.231 [info] Author identity unknown

*** Please tell me who you are.

Run

  git config --global user.email "you@example.com"
  git config --global user.name "Your Name"

to set your account's default identity.
Omit --global to set the identity only in this repository.

fatal: no email was given and auto-detection is disabled
2023-11-28 11:43:58.242 [info] > git config --get-all user.name [3ms]
2023-11-28 11:43:58.275 [info] No remotes found in the git config file.
2023-11-28 11:43:58.307 [info] > git for-each-ref --format=%(refname)%00%(upstream:short)%00%(objectname)%00%(upstream:track)%00%(upstream:remotename)%00%(upstream:remoteref) refs/heads/main refs/remotes/main [26ms]
2023-11-28 11:43:58.307 [info] > git config --get commit.template [54ms]
2023-11-28 11:43:58.537 [info] > git status -z -uall [157ms]
2023-11-28 11:44:00.002 [info] > git ls-files --stage -- /home/debian/.gitignore [8ms]
2023-11-28 11:44:00.016 [info] > git cat-file -s 9f6f0d08be2de448c0527b775a078db90437d15e [4ms]
2023-11-28 11:44:00.038 [info] > git show --textconv :.gitignore [7ms]
2023-11-28 11:44:05.514 [info] No remotes found in the git config file.
2023-11-28 11:44:05.516 [info] > git config --get commit.template [16ms]
2023-11-28 11:44:05.519 [info] > git for-each-ref --format=%(refname)%00%(upstream:short)%00%(objectname)%00%(upstream:track)%00%(upstream:remotename)%00%(upstream:remoteref) refs/heads/main refs/remotes/main [6ms]
2023-11-28 11:44:05.595 [info] > git status -z -uall [69ms]
2023-11-28 11:44:10.719 [info] No remotes found in the git config file.
2023-11-28 11:44:10.725 [info] > git config --get commit.template [18ms]
2023-11-28 11:44:10.726 [info] > git for-each-ref --format=%(refname)%00%(upstream:short)%00%(objectname)%00%(upstream:track)%00%(upstream:remotename)%00%(upstream:remoteref) refs/heads/main refs/remotes/main [7ms]
2023-11-28 11:44:10.823 [info] > git status -z -uall [89ms]
2023-11-28 11:44:15.953 [info] No remotes found in the git config file.
2023-11-28 11:44:15.955 [info] > git config --get commit.template [13ms]
2023-11-28 11:44:15.958 [info] > git for-each-ref --format=%(refname)%00%(upstream:short)%00%(objectname)%00%(upstream:track)%00%(upstream:remotename)%00%(upstream:remoteref) refs/heads/main refs/remotes/main [5ms]
2023-11-28 11:44:16.021 [info] > git status -z -uall [56ms]
2023-11-28 11:44:21.129 [info] No remotes found in the git config file.
2023-11-28 11:44:21.136 [info] > git config --get commit.template [21ms]
2023-11-28 11:44:21.138 [info] > git for-each-ref --format=%(refname)%00%(upstream:short)%00%(objectname)%00%(upstream:track)%00%(upstream:remotename)%00%(upstream:remoteref) refs/heads/main refs/remotes/main [10ms]
2023-11-28 11:44:21.278 [info] > git status -z -uall [114ms]
2023-11-28 11:44:26.388 [info] No remotes found in the git config file.
2023-11-28 11:44:26.390 [info] > git config --get commit.template [16ms]
2023-11-28 11:44:26.393 [info] > git for-each-ref --format=%(refname)%00%(upstream:short)%00%(objectname)%00%(upstream:track)%00%(upstream:remotename)%00%(upstream:remoteref) refs/heads/main refs/remotes/main [5ms]
2023-11-28 11:44:26.476 [info] > git status -z -uall [71ms]
2023-11-28 11:44:31.654 [info] No remotes found in the git config file.
2023-11-28 11:44:31.660 [info] > git config --get commit.template [38ms]
2023-11-28 11:44:31.663 [info] > git for-each-ref --format=%(refname)%00%(upstream:short)%00%(objectname)%00%(upstream:track)%00%(upstream:remotename)%00%(upstream:remoteref) refs/heads/main refs/remotes/main [10ms]
2023-11-28 11:44:31.784 [info] > git status -z -uall [95ms]
2023-11-28 11:44:36.888 [info] No remotes found in the git config file.
2023-11-28 11:44:36.890 [info] > git config --get commit.template [17ms]
2023-11-28 11:44:36.894 [info] > git for-each-ref --format=%(refname)%00%(upstream:short)%00%(objectname)%00%(upstream:track)%00%(upstream:remotename)%00%(upstream:remoteref) refs/heads/main refs/remotes/main [7ms]
2023-11-28 11:44:36.988 [info] > git status -z -uall [81ms]
2023-11-28 11:44:42.100 [info] No remotes found in the git config file.
2023-11-28 11:44:42.103 [info] > git config --get commit.template [16ms]
2023-11-28 11:44:42.105 [info] > git for-each-ref --format=%(refname)%00%(upstream:short)%00%(objectname)%00%(upstream:track)%00%(upstream:remotename)%00%(upstream:remoteref) refs/heads/main refs/remotes/main [5ms]
2023-11-28 11:44:42.184 [info] > git status -z -uall [71ms]
2023-11-28 11:44:47.292 [info] No remotes found in the git config file.
2023-11-28 11:44:47.295 [info] > git config --get commit.template [17ms]
2023-11-28 11:44:47.298 [info] > git for-each-ref --format=%(refname)%00%(upstream:short)%00%(objectname)%00%(upstream:track)%00%(upstream:remotename)%00%(upstream:remoteref) refs/heads/main refs/remotes/main [6ms]
2023-11-28 11:44:47.394 [info] > git status -z -uall [89ms]
2023-11-28 11:44:52.511 [info] No remotes found in the git config file.
2023-11-28 11:44:52.512 [info] > git config --get commit.template [16ms]
2023-11-28 11:44:52.515 [info] > git for-each-ref --format=%(refname)%00%(upstream:short)%00%(objectname)%00%(upstream:track)%00%(upstream:remotename)%00%(upstream:remoteref) refs/heads/main refs/remotes/main [5ms]
2023-11-28 11:44:52.600 [info] > git status -z -uall [77ms]
2023-11-28 11:44:57.737 [info] No remotes found in the git config file.
2023-11-28 11:44:57.740 [info] > git config --get commit.template [16ms]
2023-11-28 11:44:57.743 [info] > git for-each-ref --format=%(refname)%00%(upstream:short)%00%(objectname)%00%(upstream:track)%00%(upstream:remotename)%00%(upstream:remoteref) refs/heads/main refs/remotes/main [6ms]
2023-11-28 11:44:57.863 [info] > git status -z -uall [111ms]
2023-11-28 11:44:59.367 [info] > git ls-files --stage -- /home/debian/.gitignore [6ms]
2023-11-28 11:44:59.379 [info] > git cat-file -s 9f6f0d08be2de448c0527b775a078db90437d15e [3ms]
2023-11-28 11:44:59.399 [info] > git show --textconv :.gitignore [5ms]
2023-11-28 11:45:03.090 [info] No remotes found in the git config file.
2023-11-28 11:45:03.092 [info] > git config --get commit.template [13ms]
2023-11-28 11:45:03.095 [info] > git for-each-ref --format=%(refname)%00%(upstream:short)%00%(objectname)%00%(upstream:track)%00%(upstream:remotename)%00%(upstream:remoteref) refs/heads/main refs/remotes/main [5ms]
2023-11-28 11:45:03.180 [info] > git status -z -uall [78ms]
2023-11-28 11:45:08.310 [info] No remotes found in the git config file.
2023-11-28 11:45:08.316 [info] > git config --get commit.template [20ms]
2023-11-28 11:45:08.317 [info] > git for-each-ref --format=%(refname)%00%(upstream:short)%00%(objectname)%00%(upstream:track)%00%(upstream:remotename)%00%(upstream:remoteref) refs/heads/main refs/remotes/main [8ms]
2023-11-28 11:45:08.413 [info] > git status -z -uall [88ms]
2023-11-28 11:45:13.512 [info] No remotes found in the git config file.
2023-11-28 11:45:13.515 [info] > git config --get commit.template [15ms]
2023-11-28 11:45:13.522 [info] > git for-each-ref --format=%(refname)%00%(upstream:short)%00%(objectname)%00%(upstream:track)%00%(upstream:remotename)%00%(upstream:remoteref) refs/heads/main refs/remotes/main [10ms]
2023-11-28 11:45:13.605 [info] > git status -z -uall [73ms]
2023-11-28 11:45:18.726 [info] No remotes found in the git config file.
2023-11-28 11:45:18.735 [info] > git for-each-ref --format=%(refname)%00%(upstream:short)%00%(objectname)%00%(upstream:track)%00%(upstream:remotename)%00%(upstream:remoteref) refs/heads/main refs/remotes/main [12ms]
2023-11-28 11:45:18.736 [info] > git config --get commit.template [28ms]
2023-11-28 11:45:18.872 [info] > git status -z -uall [123ms]
2023-11-28 11:45:24.048 [info] No remotes found in the git config file.
2023-11-28 11:45:24.050 [info] > git config --get commit.template [18ms]
2023-11-28 11:45:24.053 [info] > git for-each-ref --format=%(refname)%00%(upstream:short)%00%(objectname)%00%(upstream:track)%00%(upstream:remotename)%00%(upstream:remoteref) refs/heads/main refs/remotes/main [6ms]
2023-11-28 11:45:24.136 [info] > git status -z -uall [76ms]
2023-11-28 11:45:29.233 [info] No remotes found in the git config file.
2023-11-28 11:45:29.235 [info] > git config --get commit.template [15ms]
2023-11-28 11:45:29.237 [info] > git for-each-ref --format=%(refname)%00%(upstream:short)%00%(objectname)%00%(upstream:track)%00%(upstream:remotename)%00%(upstream:remoteref) refs/heads/main refs/remotes/main [5ms]
2023-11-28 11:45:29.322 [info] > git status -z -uall [77ms]
2023-11-28 11:45:31.147 [info] > git check-ignore -v -z --stdin [6ms]
2023-11-28 11:45:34.423 [info] No remotes found in the git config file.
2023-11-28 11:45:34.424 [info] > git config --get commit.template [14ms]
2023-11-28 11:45:34.429 [info] > git for-each-ref --format=%(refname)%00%(upstream:short)%00%(objectname)%00%(upstream:track)%00%(upstream:remotename)%00%(upstream:remoteref) refs/heads/main refs/remotes/main [5ms]
2023-11-28 11:45:34.508 [info] > git status -z -uall [72ms]
2023-11-28 11:45:39.614 [info] No remotes found in the git config file.
2023-11-28 11:45:39.615 [info] > git config --get commit.template [15ms]
2023-11-28 11:45:39.618 [info] > git for-each-ref --format=%(refname)%00%(upstream:short)%00%(objectname)%00%(upstream:track)%00%(upstream:remotename)%00%(upstream:remoteref) refs/heads/main refs/remotes/main [5ms]
2023-11-28 11:45:39.691 [info] > git status -z -uall [65ms]
2023-11-28 11:45:44.801 [info] No remotes found in the git config file.
2023-11-28 11:45:44.804 [info] > git config --get commit.template [19ms]
2023-11-28 11:45:44.807 [info] > git for-each-ref --format=%(refname)%00%(upstream:short)%00%(objectname)%00%(upstream:track)%00%(upstream:remotename)%00%(upstream:remoteref) refs/heads/main refs/remotes/main [5ms]
2023-11-28 11:45:44.892 [info] > git status -z -uall [76ms]
2023-11-28 11:45:50.003 [info] No remotes found in the git config file.
2023-11-28 11:45:50.006 [info] > git config --get commit.template [22ms]
2023-11-28 11:45:50.009 [info] > git for-each-ref --format=%(refname)%00%(upstream:short)%00%(objectname)%00%(upstream:track)%00%(upstream:remotename)%00%(upstream:remoteref) refs/heads/main refs/remotes/main [7ms]
2023-11-28 11:45:50.090 [info] > git status -z -uall [73ms]
2023-11-28 11:45:55.207 [info] No remotes found in the git config file.
2023-11-28 11:45:55.209 [info] > git config --get commit.template [17ms]
2023-11-28 11:45:55.212 [info] > git for-each-ref --format=%(refname)%00%(upstream:short)%00%(objectname)%00%(upstream:track)%00%(upstream:remotename)%00%(upstream:remoteref) refs/heads/main refs/remotes/main [5ms]
2023-11-28 11:45:55.298 [info] > git status -z -uall [78ms]
2023-11-28 11:45:59.224 [info] > git -c user.useConfigOnly=true commit --quiet --allow-empty-message --file - [18ms]
2023-11-28 11:45:59.237 [info] > git config --get commit.template [2ms]
2023-11-28 11:45:59.263 [info] No remotes found in the git config file.
2023-11-28 11:45:59.264 [info] > git config --get commit.template [15ms]
2023-11-28 11:45:59.267 [info] > git for-each-ref --format=%(refname)%00%(upstream:short)%00%(objectname)%00%(upstream:track)%00%(upstream:remotename)%00%(upstream:remoteref) refs/heads/main refs/remotes/main [5ms]
2023-11-28 11:45:59.407 [info] > git status -z -uall [131ms]
2023-11-28 11:46:00.681 [info] No remotes found in the git config file.
2023-11-28 11:46:00.683 [info] > git config --get commit.template [21ms]
2023-11-28 11:46:00.694 [info] > git for-each-ref --format=%(refname)%00%(upstream:short)%00%(objectname)%00%(upstream:track)%00%(upstream:remotename)%00%(upstream:remoteref) refs/heads/main refs/remotes/main [14ms]
2023-11-28 11:46:00.833 [info] > git status -z -uall [128ms]
2023-11-28 11:46:00.932 [info] > git config --get commit.template [13ms]
2023-11-28 11:46:00.943 [info] No remotes found in the git config file.
2023-11-28 11:46:00.951 [info] > git for-each-ref --format=%(refname)%00%(upstream:short)%00%(objectname)%00%(upstream:track)%00%(upstream:remotename)%00%(upstream:remoteref) refs/heads/main refs/remotes/main [7ms]
2023-11-28 11:46:02.150 [info] > git status -z -uall [1188ms]
2023-11-28 11:46:02.229 [info] > git ls-files --stage -- /home/debian/.gitignore [79ms]
2023-11-28 11:46:02.251 [info] > git cat-file -s 9f6f0d08be2de448c0527b775a078db90437d15e [13ms]
2023-11-28 11:46:03.416 [info] > git show --textconv :.gitignore [5ms]
2023-11-28 11:46:07.258 [info] No remotes found in the git config file.
2023-11-28 11:46:07.261 [info] > git config --get commit.template [19ms]
2023-11-28 11:46:07.264 [info] > git for-each-ref --format=%(refname)%00%(upstream:short)%00%(objectname)%00%(upstream:track)%00%(upstream:remotename)%00%(upstream:remoteref) refs/heads/main refs/remotes/main [7ms]
2023-11-28 11:46:07.346 [info] > git status -z -uall [73ms]
2023-11-28 11:46:12.480 [info] No remotes found in the git config file.
2023-11-28 11:46:12.481 [info] > git config --get commit.template [19ms]
2023-11-28 11:46:12.486 [info] > git for-each-ref --format=%(refname)%00%(upstream:short)%00%(objectname)%00%(upstream:track)%00%(upstream:remotename)%00%(upstream:remoteref) refs/heads/main refs/remotes/main [7ms]
2023-11-28 11:46:12.587 [info] > git status -z -uall [93ms]
2023-11-28 11:46:17.797 [info] No remotes found in the git config file.
2023-11-28 11:46:17.800 [info] > git config --get commit.template [19ms]
2023-11-28 11:46:17.803 [info] > git for-each-ref --format=%(refname)%00%(upstream:short)%00%(objectname)%00%(upstream:track)%00%(upstream:remotename)%00%(upstream:remoteref) refs/heads/main refs/remotes/main [6ms]
2023-11-28 11:46:17.890 [info] > git status -z -uall [79ms]
2023-11-28 11:46:22.997 [info] No remotes found in the git config file.
2023-11-28 11:46:22.998 [info] > git config --get commit.template [15ms]
2023-11-28 11:46:23.001 [info] > git for-each-ref --format=%(refname)%00%(upstream:short)%00%(objectname)%00%(upstream:track)%00%(upstream:remotename)%00%(upstream:remoteref) refs/heads/main refs/remotes/main [5ms]
2023-11-28 11:46:23.089 [info] > git status -z -uall [79ms]
2023-11-28 11:46:28.195 [info] No remotes found in the git config file.
2023-11-28 11:46:28.197 [info] > git config --get commit.template [16ms]
2023-11-28 11:46:28.200 [info] > git for-each-ref --format=%(refname)%00%(upstream:short)%00%(objectname)%00%(upstream:track)%00%(upstream:remotename)%00%(upstream:remoteref) refs/heads/main refs/remotes/main [5ms]
2023-11-28 11:46:28.281 [info] > git status -z -uall [70ms]
2023-11-28 11:46:29.386 [info] > git fetch [993ms]
2023-11-28 11:46:29.432 [info] No remotes found in the git config file.
2023-11-28 11:46:29.433 [info] > git config --get commit.template [28ms]
2023-11-28 11:46:29.443 [info] > git for-each-ref --format=%(refname)%00%(upstream:short)%00%(objectname)%00%(upstream:track)%00%(upstream:remotename)%00%(upstream:remoteref) refs/heads/main refs/remotes/main [12ms]
2023-11-28 11:46:29.554 [info] > git status -z -uall [102ms]
2023-11-28 11:46:30.829 [info] > git ls-files --stage -- /home/debian/.gitignore [4ms]
2023-11-28 11:46:30.840 [info] > git cat-file -s 9f6f0d08be2de448c0527b775a078db90437d15e [3ms]
2023-11-28 11:46:30.861 [info] > git show --textconv :.gitignore [5ms]
2023-11-28 11:46:33.378 [info] No remotes found in the git config file.
2023-11-28 11:46:33.379 [info] > git config --get commit.template [12ms]
2023-11-28 11:46:33.382 [info] > git for-each-ref --format=%(refname)%00%(upstream:short)%00%(objectname)%00%(upstream:track)%00%(upstream:remotename)%00%(upstream:remoteref) refs/heads/main refs/remotes/main [5ms]
2023-11-28 11:46:33.441 [info] > git status -z -uall [52ms]
2023-11-28 11:46:38.533 [info] No remotes found in the git config file.
2023-11-28 11:46:38.535 [info] > git config --get commit.template [13ms]
2023-11-28 11:46:38.538 [info] > git for-each-ref --format=%(refname)%00%(upstream:short)%00%(objectname)%00%(upstream:track)%00%(upstream:remotename)%00%(upstream:remoteref) refs/heads/main refs/remotes/main [5ms]
2023-11-28 11:46:38.613 [info] > git status -z -uall [67ms]
2023-11-28 11:47:13.799 [info] No remotes found in the git config file.
2023-11-28 11:47:14.059 [info] > git for-each-ref --format=%(refname)%00%(upstream:short)%00%(objectname)%00%(upstream:track)%00%(upstream:remotename)%00%(upstream:remoteref) refs/heads/main refs/remotes/main [260ms]
2023-11-28 11:47:14.059 [info] > git config --get commit.template [272ms]
2023-11-28 11:47:14.169 [info] > git status -z -uall [96ms]
2023-11-28 11:47:19.309 [info] No remotes found in the git config file.
2023-11-28 11:47:19.316 [info] > git config --get commit.template [23ms]
2023-11-28 11:47:19.324 [info] > git for-each-ref --format=%(refname)%00%(upstream:short)%00%(objectname)%00%(upstream:track)%00%(upstream:remotename)%00%(upstream:remoteref) refs/heads/main refs/remotes/main [16ms]
2023-11-28 11:47:19.411 [info] > git status -z -uall [72ms]
2023-11-28 11:47:24.539 [info] No remotes found in the git config file.
2023-11-28 11:47:24.541 [info] > git config --get commit.template [16ms]
2023-11-28 11:47:24.545 [info] > git for-each-ref --format=%(refname)%00%(upstream:short)%00%(objectname)%00%(upstream:track)%00%(upstream:remotename)%00%(upstream:remoteref) refs/heads/main refs/remotes/main [7ms]
2023-11-28 11:47:24.633 [info] > git status -z -uall [80ms]
2023-11-28 11:47:33.860 [info] No remotes found in the git config file.
2023-11-28 11:47:33.862 [info] > git config --get commit.template [16ms]
2023-11-28 11:47:33.864 [info] > git for-each-ref --format=%(refname)%00%(upstream:short)%00%(objectname)%00%(upstream:track)%00%(upstream:remotename)%00%(upstream:remoteref) refs/heads/main refs/remotes/main [5ms]
2023-11-28 11:47:33.945 [info] > git status -z -uall [74ms]
2023-11-28 11:47:39.056 [info] No remotes found in the git config file.
2023-11-28 11:47:39.063 [info] > git config --get commit.template [15ms]
2023-11-28 11:47:39.068 [info] > git for-each-ref --format=%(refname)%00%(upstream:short)%00%(objectname)%00%(upstream:track)%00%(upstream:remotename)%00%(upstream:remoteref) refs/heads/main refs/remotes/main [12ms]
2023-11-28 11:47:39.142 [info] > git status -z -uall [65ms]
2023-11-28 11:47:41.490 [info] > git ls-files --stage -- /home/debian/.gitignore [6ms]
2023-11-28 11:47:41.504 [info] > git cat-file -s 9f6f0d08be2de448c0527b775a078db90437d15e [3ms]
2023-11-28 11:47:41.526 [info] > git show --textconv :.gitignore [6ms]
2023-11-28 11:47:44.254 [info] > git config --get commit.template [15ms]
2023-11-28 11:47:44.259 [info] > git for-each-ref --format=%(refname)%00%(upstream:short)%00%(objectname)%00%(upstream:track)%00%(upstream:remotename)%00%(upstream:remoteref) refs/heads/main refs/remotes/main [6ms]
2023-11-28 11:47:44.342 [info] > git status -z -uall [75ms]
2023-11-28 11:47:49.476 [info] > git config --get commit.template [18ms]
2023-11-28 11:47:49.481 [info] > git for-each-ref --format=%(refname)%00%(upstream:short)%00%(objectname)%00%(upstream:track)%00%(upstream:remotename)%00%(upstream:remoteref) refs/heads/main refs/remotes/main [7ms]
2023-11-28 11:47:49.564 [info] > git status -z -uall [75ms]
