2023-11-28 11:43:26.102 [info] Extension host with pid 359806 started
2023-11-28 11:43:26.201 [info] Lock '/home/debian/.vscode-server/data/User/workspaceStorage/9b5df1f69ce572513e66b3e54453fdee/vscode.lock': Lock acquired.
2023-11-28 11:43:26.406 [info] ExtensionService#_doActivateExtension vscode.git-base, startup: false, activationEvent: 'onLanguage:ignore'
2023-11-28 11:43:26.412 [info] ExtensionService#_doActivateExtension vscode.emmet, startup: false, activationEvent: 'onLanguage'
2023-11-28 11:43:26.728 [info] ExtensionService#_doActivateExtension vscode.git, startup: true, activationEvent: '*'
2023-11-28 11:43:26.729 [info] ExtensionService#_doActivateExtension vscode.github, startup: true, activationEvent: '*'
2023-11-28 11:43:27.954 [info] Eager extensions activated
2023-11-28 11:43:27.959 [info] ExtensionService#_doActivateExtension vscode.debug-auto-launch, startup: false, activationEvent: 'onStartupFinished'
2023-11-28 11:43:27.960 [info] ExtensionService#_doActivateExtension vscode.merge-conflict, startup: false, activationEvent: 'onStartupFinished'
2023-11-28 11:43:28.803 [warning] [Decorations] CAPPING events from decorations provider vscode.git 2964
2023-11-28 11:43:34.722 [warning] [Decorations] CAPPING events from decorations provider vscode.git 2964
2023-11-28 11:43:39.936 [warning] [Decorations] CAPPING events from decorations provider vscode.git 2964
2023-11-28 11:43:45.134 [warning] [Decorations] CAPPING events from decorations provider vscode.git 2964
2023-11-28 11:43:50.307 [warning] [Decorations] CAPPING events from decorations provider vscode.git 2964
2023-11-28 11:43:55.514 [warning] [Decorations] CAPPING events from decorations provider vscode.git 2964
2023-11-28 11:43:58.626 [warning] [Decorations] CAPPING events from decorations provider vscode.git 2964
2023-11-28 11:44:05.674 [warning] [Decorations] CAPPING events from decorations provider vscode.git 2964
2023-11-28 11:44:10.903 [warning] [Decorations] CAPPING events from decorations provider vscode.git 2964
2023-11-28 11:44:16.083 [warning] [Decorations] CAPPING events from decorations provider vscode.git 2964
2023-11-28 11:44:21.346 [warning] [Decorations] CAPPING events from decorations provider vscode.git 2964
2023-11-28 11:44:26.558 [warning] [Decorations] CAPPING events from decorations provider vscode.git 2964
2023-11-28 11:44:31.835 [warning] [Decorations] CAPPING events from decorations provider vscode.git 2964
2023-11-28 11:44:37.056 [warning] [Decorations] CAPPING events from decorations provider vscode.git 2964
2023-11-28 11:44:42.246 [warning] [Decorations] CAPPING events from decorations provider vscode.git 2964
2023-11-28 11:44:47.459 [warning] [Decorations] CAPPING events from decorations provider vscode.git 2964
2023-11-28 11:44:52.661 [warning] [Decorations] CAPPING events from decorations provider vscode.git 2964
2023-11-28 11:44:58.040 [warning] [Decorations] CAPPING events from decorations provider vscode.git 2964
2023-11-28 11:45:03.249 [warning] [Decorations] CAPPING events from decorations provider vscode.git 2963
2023-11-28 11:45:08.470 [warning] [Decorations] CAPPING events from decorations provider vscode.git 2963
2023-11-28 11:45:13.674 [warning] [Decorations] CAPPING events from decorations provider vscode.git 2963
2023-11-28 11:45:19.005 [warning] [Decorations] CAPPING events from decorations provider vscode.git 2963
2023-11-28 11:45:24.183 [warning] [Decorations] CAPPING events from decorations provider vscode.git 2963
2023-11-28 11:45:29.386 [warning] [Decorations] CAPPING events from decorations provider vscode.git 2964
2023-11-28 11:45:34.569 [warning] [Decorations] CAPPING events from decorations provider vscode.git 2964
2023-11-28 11:45:39.754 [warning] [Decorations] CAPPING events from decorations provider vscode.git 2964
2023-11-28 11:45:44.952 [warning] [Decorations] CAPPING events from decorations provider vscode.git 2964
2023-11-28 11:45:50.161 [warning] [Decorations] CAPPING events from decorations provider vscode.git 2964
2023-11-28 11:45:55.352 [warning] [Decorations] CAPPING events from decorations provider vscode.git 2964
2023-11-28 11:45:59.548 [warning] [Decorations] CAPPING events from decorations provider vscode.git 2964
2023-11-28 11:46:00.889 [warning] [Decorations] CAPPING events from decorations provider vscode.git 2963
2023-11-28 11:46:02.201 [warning] [Decorations] CAPPING events from decorations provider vscode.git 2963
2023-11-28 11:46:07.422 [warning] [Decorations] CAPPING events from decorations provider vscode.git 2963
2023-11-28 11:46:12.746 [warning] [Decorations] CAPPING events from decorations provider vscode.git 2963
2023-11-28 11:46:17.945 [warning] [Decorations] CAPPING events from decorations provider vscode.git 2963
2023-11-28 11:46:23.145 [warning] [Decorations] CAPPING events from decorations provider vscode.git 2963
2023-11-28 11:46:28.339 [warning] [Decorations] CAPPING events from decorations provider vscode.git 2963
2023-11-28 11:46:29.610 [warning] [Decorations] CAPPING events from decorations provider vscode.git 2963
2023-11-28 11:46:33.489 [warning] [Decorations] CAPPING events from decorations provider vscode.git 2963
2023-11-28 11:46:38.687 [warning] [Decorations] CAPPING events from decorations provider vscode.git 2963
2023-11-28 11:47:14.247 [warning] [Decorations] CAPPING events from decorations provider vscode.git 2963
2023-11-28 11:47:19.487 [warning] [Decorations] CAPPING events from decorations provider vscode.git 2963
2023-11-28 11:47:24.723 [warning] [Decorations] CAPPING events from decorations provider vscode.git 2963
2023-11-28 11:47:34.008 [warning] [Decorations] CAPPING events from decorations provider vscode.git 2963
2023-11-28 11:47:39.209 [warning] [Decorations] CAPPING events from decorations provider vscode.git 2963
2023-11-28 11:47:44.416 [warning] [Decorations] CAPPING events from decorations provider vscode.git 2963
2023-11-28 11:47:49.629 [warning] [Decorations] CAPPING events from decorations provider vscode.git 2963
