*
* Visual Studio Code Server
*
* By using the software, you agree to
* the Visual Studio Code Server License Terms (https://aka.ms/vscode-server-license) and
* the Microsoft Privacy Statement (https://privacy.microsoft.com/en-US/privacystatement).
*
Server bound to 127.0.0.1:45741 (IPv4)
Extension host agent listening on 45741

[09:49:03] 




[09:49:03] Extension host agent started.
[09:49:03] [127.0.0.1][da4e94aa][ManagementConnection] New connection established.
[09:49:03] [127.0.0.1][73f13730][ExtensionHostConnection] New connection established.
[09:49:04] [127.0.0.1][73f13730][ExtensionHostConnection] <357246> Launched Extension Host Process.
rejected promise not handled within 1 second: CodeExpectedError: Could not find pty on pty host
stack trace: CodeExpectedError: Could not find pty on pty host
    at L.U (/home/debian/.vscode-server/bin/1a5daa3a0231a0fbba4f14db7ec463cf99d7768e/out/vs/platform/terminal/node/ptyHostMain.js:43:32314)
    at L.updateTitle (/home/debian/.vscode-server/bin/1a5daa3a0231a0fbba4f14db7ec463cf99d7768e/out/vs/platform/terminal/node/ptyHostMain.js:43:27475)
    at W.<computed> (/home/debian/.vscode-server/bin/1a5daa3a0231a0fbba4f14db7ec463cf99d7768e/out/vs/platform/terminal/node/ptyHostMain.js:43:22722)
    at Object.call (/home/debian/.vscode-server/bin/1a5daa3a0231a0fbba4f14db7ec463cf99d7768e/out/vs/platform/terminal/node/ptyHostMain.js:34:5005)
    at c.s (/home/debian/.vscode-server/bin/1a5daa3a0231a0fbba4f14db7ec463cf99d7768e/out/vs/platform/terminal/node/ptyHostMain.js:32:5118)
    at c.q (/home/debian/.vscode-server/bin/1a5daa3a0231a0fbba4f14db7ec463cf99d7768e/out/vs/platform/terminal/node/ptyHostMain.js:32:4641)
    at g.value (/home/debian/.vscode-server/bin/1a5daa3a0231a0fbba4f14db7ec463cf99d7768e/out/vs/platform/terminal/node/ptyHostMain.js:32:4052)
    at r.y (/home/debian/.vscode-server/bin/1a5daa3a0231a0fbba4f14db7ec463cf99d7768e/out/vs/platform/terminal/node/ptyHostMain.js:27:1902)
    at r.fire (/home/debian/.vscode-server/bin/1a5daa3a0231a0fbba4f14db7ec463cf99d7768e/out/vs/platform/terminal/node/ptyHostMain.js:27:2119)
    at process.le (/home/debian/.vscode-server/bin/1a5daa3a0231a0fbba4f14db7ec463cf99d7768e/out/vs/platform/terminal/node/ptyHostMain.js:25:9948)
    at process.emit (node:events:513:28)
    at emit (node:internal/child_process:937:14)
    at process.processTicksAndRejections (node:internal/process/task_queues:83:21)
[09:49:07] Error [CodeExpectedError]: Could not find pty on pty host
    at L.U (/home/debian/.vscode-server/bin/1a5daa3a0231a0fbba4f14db7ec463cf99d7768e/out/vs/platform/terminal/node/ptyHostMain.js:43:32314)
    at L.updateTitle (/home/debian/.vscode-server/bin/1a5daa3a0231a0fbba4f14db7ec463cf99d7768e/out/vs/platform/terminal/node/ptyHostMain.js:43:27475)
    at W.<computed> (/home/debian/.vscode-server/bin/1a5daa3a0231a0fbba4f14db7ec463cf99d7768e/out/vs/platform/terminal/node/ptyHostMain.js:43:22722)
    at Object.call (/home/debian/.vscode-server/bin/1a5daa3a0231a0fbba4f14db7ec463cf99d7768e/out/vs/platform/terminal/node/ptyHostMain.js:34:5005)
    at c.s (/home/debian/.vscode-server/bin/1a5daa3a0231a0fbba4f14db7ec463cf99d7768e/out/vs/platform/terminal/node/ptyHostMain.js:32:5118)
    at c.q (/home/debian/.vscode-server/bin/1a5daa3a0231a0fbba4f14db7ec463cf99d7768e/out/vs/platform/terminal/node/ptyHostMain.js:32:4641)
    at g.value (/home/debian/.vscode-server/bin/1a5daa3a0231a0fbba4f14db7ec463cf99d7768e/out/vs/platform/terminal/node/ptyHostMain.js:32:4052)
    at r.y (/home/debian/.vscode-server/bin/1a5daa3a0231a0fbba4f14db7ec463cf99d7768e/out/vs/platform/terminal/node/ptyHostMain.js:27:1902)
    at r.fire (/home/debian/.vscode-server/bin/1a5daa3a0231a0fbba4f14db7ec463cf99d7768e/out/vs/platform/terminal/node/ptyHostMain.js:27:2119)
    at process.le (/home/debian/.vscode-server/bin/1a5daa3a0231a0fbba4f14db7ec463cf99d7768e/out/vs/platform/terminal/node/ptyHostMain.js:25:9948)
    at process.emit (node:events:513:28)
    at emit (node:internal/child_process:937:14)
    at process.processTicksAndRejections (node:internal/process/task_queues:83:21)
[09:49:43] [127.0.0.1][da4e94aa][ManagementConnection] The client has disconnected gracefully, so the connection will be disposed.
[09:49:43] [127.0.0.1][73f13730][ExtensionHostConnection] <357246> Extension Host Process exited with code: 0, signal: null.
Cancelling previous shutdown timeout
[09:49:43] Cancelling previous shutdown timeout
Last EH closed, waiting before shutting down
[09:49:43] Last EH closed, waiting before shutting down
Got delay-shutdown request while in shutdown timeout, delaying
[09:49:50] Got delay-shutdown request while in shutdown timeout, delaying
Cancelling previous shutdown timeout
[09:49:50] Cancelling previous shutdown timeout
[09:49:51] [127.0.0.1][12e3d197][ManagementConnection] New connection established.
[09:49:51] [127.0.0.1][4b5e6d41][ExtensionHostConnection] New connection established.
[09:49:51] [127.0.0.1][4b5e6d41][ExtensionHostConnection] <357354> Launched Extension Host Process.
rejected promise not handled within 1 second: CodeExpectedError: Could not find pty on pty host
stack trace: CodeExpectedError: Could not find pty on pty host
    at L.U (/home/debian/.vscode-server/bin/1a5daa3a0231a0fbba4f14db7ec463cf99d7768e/out/vs/platform/terminal/node/ptyHostMain.js:43:32314)
    at L.updateTitle (/home/debian/.vscode-server/bin/1a5daa3a0231a0fbba4f14db7ec463cf99d7768e/out/vs/platform/terminal/node/ptyHostMain.js:43:27475)
    at W.<computed> (/home/debian/.vscode-server/bin/1a5daa3a0231a0fbba4f14db7ec463cf99d7768e/out/vs/platform/terminal/node/ptyHostMain.js:43:22722)
    at Object.call (/home/debian/.vscode-server/bin/1a5daa3a0231a0fbba4f14db7ec463cf99d7768e/out/vs/platform/terminal/node/ptyHostMain.js:34:5005)
    at c.s (/home/debian/.vscode-server/bin/1a5daa3a0231a0fbba4f14db7ec463cf99d7768e/out/vs/platform/terminal/node/ptyHostMain.js:32:5118)
    at c.q (/home/debian/.vscode-server/bin/1a5daa3a0231a0fbba4f14db7ec463cf99d7768e/out/vs/platform/terminal/node/ptyHostMain.js:32:4641)
    at g.value (/home/debian/.vscode-server/bin/1a5daa3a0231a0fbba4f14db7ec463cf99d7768e/out/vs/platform/terminal/node/ptyHostMain.js:32:4052)
    at r.y (/home/debian/.vscode-server/bin/1a5daa3a0231a0fbba4f14db7ec463cf99d7768e/out/vs/platform/terminal/node/ptyHostMain.js:27:1902)
    at r.fire (/home/debian/.vscode-server/bin/1a5daa3a0231a0fbba4f14db7ec463cf99d7768e/out/vs/platform/terminal/node/ptyHostMain.js:27:2119)
    at process.le (/home/debian/.vscode-server/bin/1a5daa3a0231a0fbba4f14db7ec463cf99d7768e/out/vs/platform/terminal/node/ptyHostMain.js:25:9948)
    at process.emit (node:events:513:28)
    at emit (node:internal/child_process:937:14)
    at process.processTicksAndRejections (node:internal/process/task_queues:83:21)
[09:49:54] Error [CodeExpectedError]: Could not find pty on pty host
    at L.U (/home/debian/.vscode-server/bin/1a5daa3a0231a0fbba4f14db7ec463cf99d7768e/out/vs/platform/terminal/node/ptyHostMain.js:43:32314)
    at L.updateTitle (/home/debian/.vscode-server/bin/1a5daa3a0231a0fbba4f14db7ec463cf99d7768e/out/vs/platform/terminal/node/ptyHostMain.js:43:27475)
    at W.<computed> (/home/debian/.vscode-server/bin/1a5daa3a0231a0fbba4f14db7ec463cf99d7768e/out/vs/platform/terminal/node/ptyHostMain.js:43:22722)
    at Object.call (/home/debian/.vscode-server/bin/1a5daa3a0231a0fbba4f14db7ec463cf99d7768e/out/vs/platform/terminal/node/ptyHostMain.js:34:5005)
    at c.s (/home/debian/.vscode-server/bin/1a5daa3a0231a0fbba4f14db7ec463cf99d7768e/out/vs/platform/terminal/node/ptyHostMain.js:32:5118)
    at c.q (/home/debian/.vscode-server/bin/1a5daa3a0231a0fbba4f14db7ec463cf99d7768e/out/vs/platform/terminal/node/ptyHostMain.js:32:4641)
    at g.value (/home/debian/.vscode-server/bin/1a5daa3a0231a0fbba4f14db7ec463cf99d7768e/out/vs/platform/terminal/node/ptyHostMain.js:32:4052)
    at r.y (/home/debian/.vscode-server/bin/1a5daa3a0231a0fbba4f14db7ec463cf99d7768e/out/vs/platform/terminal/node/ptyHostMain.js:27:1902)
    at r.fire (/home/debian/.vscode-server/bin/1a5daa3a0231a0fbba4f14db7ec463cf99d7768e/out/vs/platform/terminal/node/ptyHostMain.js:27:2119)
    at process.le (/home/debian/.vscode-server/bin/1a5daa3a0231a0fbba4f14db7ec463cf99d7768e/out/vs/platform/terminal/node/ptyHostMain.js:25:9948)
    at process.emit (node:events:513:28)
    at emit (node:internal/child_process:937:14)
    at process.processTicksAndRejections (node:internal/process/task_queues:83:21)
New EH opened, aborting shutdown
[09:54:51] New EH opened, aborting shutdown
[10:11:23] [127.0.0.1][12e3d197][ManagementConnection] The client has disconnected gracefully, so the connection will be disposed.
[10:11:23] [127.0.0.1][4b5e6d41][ExtensionHostConnection] <357354> Extension Host Process exited with code: 0, signal: null.
Last EH closed, waiting before shutting down
[10:11:23] Last EH closed, waiting before shutting down
Got delay-shutdown request while in shutdown timeout, delaying
[10:11:39] Got delay-shutdown request while in shutdown timeout, delaying
Cancelling previous shutdown timeout
[10:11:39] Cancelling previous shutdown timeout
[10:11:39] [127.0.0.1][de516a93][ManagementConnection] New connection established.
[10:11:39] [127.0.0.1][1adfe1f1][ExtensionHostConnection] New connection established.
[10:11:39] [127.0.0.1][1adfe1f1][ExtensionHostConnection] <357593> Launched Extension Host Process.
rejected promise not handled within 1 second: CodeExpectedError: Could not find pty on pty host
stack trace: CodeExpectedError: Could not find pty on pty host
    at L.U (/home/debian/.vscode-server/bin/1a5daa3a0231a0fbba4f14db7ec463cf99d7768e/out/vs/platform/terminal/node/ptyHostMain.js:43:32314)
    at L.updateTitle (/home/debian/.vscode-server/bin/1a5daa3a0231a0fbba4f14db7ec463cf99d7768e/out/vs/platform/terminal/node/ptyHostMain.js:43:27475)
    at W.<computed> (/home/debian/.vscode-server/bin/1a5daa3a0231a0fbba4f14db7ec463cf99d7768e/out/vs/platform/terminal/node/ptyHostMain.js:43:22722)
    at Object.call (/home/debian/.vscode-server/bin/1a5daa3a0231a0fbba4f14db7ec463cf99d7768e/out/vs/platform/terminal/node/ptyHostMain.js:34:5005)
    at c.s (/home/debian/.vscode-server/bin/1a5daa3a0231a0fbba4f14db7ec463cf99d7768e/out/vs/platform/terminal/node/ptyHostMain.js:32:5118)
    at c.q (/home/debian/.vscode-server/bin/1a5daa3a0231a0fbba4f14db7ec463cf99d7768e/out/vs/platform/terminal/node/ptyHostMain.js:32:4641)
    at g.value (/home/debian/.vscode-server/bin/1a5daa3a0231a0fbba4f14db7ec463cf99d7768e/out/vs/platform/terminal/node/ptyHostMain.js:32:4052)
    at r.y (/home/debian/.vscode-server/bin/1a5daa3a0231a0fbba4f14db7ec463cf99d7768e/out/vs/platform/terminal/node/ptyHostMain.js:27:1902)
    at r.fire (/home/debian/.vscode-server/bin/1a5daa3a0231a0fbba4f14db7ec463cf99d7768e/out/vs/platform/terminal/node/ptyHostMain.js:27:2119)
    at process.le (/home/debian/.vscode-server/bin/1a5daa3a0231a0fbba4f14db7ec463cf99d7768e/out/vs/platform/terminal/node/ptyHostMain.js:25:9948)
    at process.emit (node:events:513:28)
    at emit (node:internal/child_process:937:14)
    at process.processTicksAndRejections (node:internal/process/task_queues:83:21)
[10:11:43] Error [CodeExpectedError]: Could not find pty on pty host
    at L.U (/home/debian/.vscode-server/bin/1a5daa3a0231a0fbba4f14db7ec463cf99d7768e/out/vs/platform/terminal/node/ptyHostMain.js:43:32314)
    at L.updateTitle (/home/debian/.vscode-server/bin/1a5daa3a0231a0fbba4f14db7ec463cf99d7768e/out/vs/platform/terminal/node/ptyHostMain.js:43:27475)
    at W.<computed> (/home/debian/.vscode-server/bin/1a5daa3a0231a0fbba4f14db7ec463cf99d7768e/out/vs/platform/terminal/node/ptyHostMain.js:43:22722)
    at Object.call (/home/debian/.vscode-server/bin/1a5daa3a0231a0fbba4f14db7ec463cf99d7768e/out/vs/platform/terminal/node/ptyHostMain.js:34:5005)
    at c.s (/home/debian/.vscode-server/bin/1a5daa3a0231a0fbba4f14db7ec463cf99d7768e/out/vs/platform/terminal/node/ptyHostMain.js:32:5118)
    at c.q (/home/debian/.vscode-server/bin/1a5daa3a0231a0fbba4f14db7ec463cf99d7768e/out/vs/platform/terminal/node/ptyHostMain.js:32:4641)
    at g.value (/home/debian/.vscode-server/bin/1a5daa3a0231a0fbba4f14db7ec463cf99d7768e/out/vs/platform/terminal/node/ptyHostMain.js:32:4052)
    at r.y (/home/debian/.vscode-server/bin/1a5daa3a0231a0fbba4f14db7ec463cf99d7768e/out/vs/platform/terminal/node/ptyHostMain.js:27:1902)
    at r.fire (/home/debian/.vscode-server/bin/1a5daa3a0231a0fbba4f14db7ec463cf99d7768e/out/vs/platform/terminal/node/ptyHostMain.js:27:2119)
    at process.le (/home/debian/.vscode-server/bin/1a5daa3a0231a0fbba4f14db7ec463cf99d7768e/out/vs/platform/terminal/node/ptyHostMain.js:25:9948)
    at process.emit (node:events:513:28)
    at emit (node:internal/child_process:937:14)
    at process.processTicksAndRejections (node:internal/process/task_queues:83:21)
[10:11:51] [127.0.0.1][de516a93][ManagementConnection] The client has disconnected gracefully, so the connection will be disposed.
[10:11:51] [127.0.0.1][1adfe1f1][ExtensionHostConnection] <357593> Extension Host Process exited with code: 0, signal: null.
Cancelling previous shutdown timeout
[10:11:51] Cancelling previous shutdown timeout
Last EH closed, waiting before shutting down
[10:11:51] Last EH closed, waiting before shutting down
Got delay-shutdown request while in shutdown timeout, delaying
[10:11:57] Got delay-shutdown request while in shutdown timeout, delaying
Cancelling previous shutdown timeout
[10:11:57] Cancelling previous shutdown timeout
[10:11:57] [127.0.0.1][328a3b6a][ManagementConnection] New connection established.
[10:11:57] [127.0.0.1][a8f2c56c][ExtensionHostConnection] New connection established.
[10:11:57] [127.0.0.1][a8f2c56c][ExtensionHostConnection] <357689> Launched Extension Host Process.
New EH opened, aborting shutdown
[10:16:57] New EH opened, aborting shutdown
[11:43:10] [127.0.0.1][328a3b6a][ManagementConnection] The client has disconnected gracefully, so the connection will be disposed.
[11:43:11] [127.0.0.1][a8f2c56c][ExtensionHostConnection] <357689> Extension Host Process exited with code: 0, signal: null.
Last EH closed, waiting before shutting down
[11:43:11] Last EH closed, waiting before shutting down
Got delay-shutdown request while in shutdown timeout, delaying
[11:43:23] Got delay-shutdown request while in shutdown timeout, delaying
Cancelling previous shutdown timeout
[11:43:23] Cancelling previous shutdown timeout
[11:43:23] [127.0.0.1][5f18e82f][ManagementConnection] New connection established.
[11:43:23] [127.0.0.1][fcc7b902][ExtensionHostConnection] New connection established.
[11:43:23] [127.0.0.1][fcc7b902][ExtensionHostConnection] <359806> Launched Extension Host Process.
